  Source.cpp
Source.cpp(132): warning C4244: '=': conversion from 'float' to 'int', possible loss of data
Source.cpp(134): warning C4800: 'float': forcing value to bool 'true' or 'false' (performance warning)
Source.cpp(135): warning C4244: '=': conversion from 'float' to 'int', possible loss of data
Source.cpp(215): warning C4244: 'argument': conversion from 'double' to 'GLfloat', possible loss of data
Source.cpp(216): warning C4244: 'argument': conversion from 'double' to 'GLfloat', possible loss of data
Source.cpp(217): warning C4244: 'argument': conversion from 'double' to 'GLfloat', possible loss of data
Source.cpp(218): warning C4244: 'argument': conversion from 'double' to 'GLfloat', possible loss of data
Source.cpp(219): warning C4244: 'argument': conversion from 'double' to 'GLfloat', possible loss of data
Source.cpp(449): warning C4244: 'argument': conversion from 'double' to 'GLfloat', possible loss of data
Source.cpp(450): warning C4244: 'argument': conversion from 'double' to 'GLfloat', possible loss of data
Source.cpp(454): warning C4244: 'argument': conversion from 'double' to 'GLfloat', possible loss of data
Source.cpp(455): warning C4244: 'argument': conversion from 'double' to 'GLfloat', possible loss of data
Source.cpp(517): warning C4244: 'argument': conversion from 'double' to 'GLfloat', possible loss of data
Source.cpp(519): warning C4244: 'argument': conversion from 'double' to 'GLfloat', possible loss of data
  Generating code
  2 of 329 functions ( 0.6%) were compiled, the rest were copied from previous compilation.
    0 functions were new in current compilation
    0 functions had inline decision re-evaluated but remain unchanged
  Finished generating code
  Project1.vcxproj -> C:\Users\Siddharth Khera\Desktop\Semester 4\COL781 Computer Graphics\Assignment 3\Project1\Project1.exe
  Project1.vcxproj -> C:\Users\Siddharth Khera\Desktop\Semester 4\COL781 Computer Graphics\Assignment 3\Project1\Project1.pdb (Full PDB)
